{"/home/gwl/react/todo/todo/src/App.js": {"path":"/home/gwl/react/todo/todo/src/App.js","statementMap":{"0":{"start":{"line":5,"column":2},"end":{"line":9,"column":4}}},"fnMap":{"0":{"name":"App","decl":{"start":{"line":4,"column":9},"end":{"line":4,"column":12}},"loc":{"start":{"line":4,"column":15},"end":{"line":10,"column":1}},"line":4}},"branchMap":{},"s":{"0":1},"f":{"0":1},"b":{},"_coverageSchema":"43e27e138ebf9cfc5966b082cf9a028302ed4184","hash":"d367530a31b48c9671fa259823bf2625ef259286"}
,"/home/gwl/react/todo/todo/src/components/objects/toDoList/ToDoList.jsx": {"path":"/home/gwl/react/todo/todo/src/components/objects/toDoList/ToDoList.jsx","statementMap":{"0":{"start":{"line":15,"column":34},"end":{"line":15,"column":39}},"1":{"start":{"line":17,"column":30},"end":{"line":19,"column":3}},"2":{"start":{"line":18,"column":4},"end":{"line":18,"column":70}},"3":{"start":{"line":18,"column":42},"end":{"line":18,"column":65}},"4":{"start":{"line":21,"column":28},"end":{"line":23,"column":3}},"5":{"start":{"line":22,"column":4},"end":{"line":22,"column":89}},"6":{"start":{"line":22,"column":36},"end":{"line":22,"column":85}},"7":{"start":{"line":26,"column":2},"end":{"line":55,"column":3}},"8":{"start":{"line":36,"column":14},"end":{"line":46,"column":19}},"9":{"start":{"line":41,"column":103},"end":{"line":41,"column":129}},"10":{"start":{"line":43,"column":95},"end":{"line":43,"column":123}},"11":{"start":{"line":59,"column":0},"end":{"line":62,"column":1}}},"fnMap":{"0":{"name":"ToDoList","decl":{"start":{"line":14,"column":9},"end":{"line":14,"column":17}},"loc":{"start":{"line":14,"column":25},"end":{"line":56,"column":1}},"line":14},"1":{"name":"(anonymous_1)","decl":{"start":{"line":17,"column":30},"end":{"line":17,"column":31}},"loc":{"start":{"line":17,"column":38},"end":{"line":19,"column":3}},"line":17},"2":{"name":"(anonymous_2)","decl":{"start":{"line":18,"column":30},"end":{"line":18,"column":31}},"loc":{"start":{"line":18,"column":40},"end":{"line":18,"column":67}},"line":18},"3":{"name":"(anonymous_3)","decl":{"start":{"line":21,"column":28},"end":{"line":21,"column":29}},"loc":{"start":{"line":21,"column":36},"end":{"line":23,"column":3}},"line":21},"4":{"name":"(anonymous_4)","decl":{"start":{"line":22,"column":27},"end":{"line":22,"column":28}},"loc":{"start":{"line":22,"column":36},"end":{"line":22,"column":85}},"line":22},"5":{"name":"(anonymous_5)","decl":{"start":{"line":35,"column":40},"end":{"line":35,"column":41}},"loc":{"start":{"line":36,"column":14},"end":{"line":46,"column":19}},"line":36},"6":{"name":"(anonymous_6)","decl":{"start":{"line":41,"column":97},"end":{"line":41,"column":98}},"loc":{"start":{"line":41,"column":103},"end":{"line":41,"column":129}},"line":41},"7":{"name":"(anonymous_7)","decl":{"start":{"line":43,"column":89},"end":{"line":43,"column":90}},"loc":{"start":{"line":43,"column":95},"end":{"line":43,"column":123}},"line":43}},"branchMap":{"0":{"loc":{"start":{"line":22,"column":36},"end":{"line":22,"column":85}},"type":"cond-expr","locations":[{"start":{"line":22,"column":53},"end":{"line":22,"column":78}},{"start":{"line":22,"column":81},"end":{"line":22,"column":85}}],"line":22},"1":{"loc":{"start":{"line":35,"column":10},"end":{"line":51,"column":17}},"type":"cond-expr","locations":[{"start":{"line":35,"column":30},"end":{"line":47,"column":13}},{"start":{"line":49,"column":12},"end":{"line":51,"column":17}}],"line":35},"2":{"loc":{"start":{"line":41,"column":22},"end":{"line":41,"column":144}},"type":"binary-expr","locations":[{"start":{"line":41,"column":22},"end":{"line":41,"column":34}},{"start":{"line":41,"column":38},"end":{"line":41,"column":144}}],"line":41}},"s":{"0":8,"1":8,"2":1,"3":2,"4":8,"5":1,"6":2,"7":8,"8":14,"9":1,"10":1,"11":3},"f":{"0":8,"1":1,"2":2,"3":1,"4":2,"5":14,"6":1,"7":1},"b":{"0":[1,1],"1":[7,1],"2":[14,13]},"_coverageSchema":"43e27e138ebf9cfc5966b082cf9a028302ed4184","hash":"f1d9fe94b23a631b735a469d4466f05f4b223190"}
,"/home/gwl/react/todo/todo/src/components/pages/toDo/ToDo.jsx": {"path":"/home/gwl/react/todo/todo/src/components/pages/toDo/ToDo.jsx","statementMap":{"0":{"start":{"line":15,"column":29},"end":{"line":15,"column":47}},"1":{"start":{"line":16,"column":40},"end":{"line":16,"column":55}},"2":{"start":{"line":18,"column":26},"end":{"line":18,"column":34}},"3":{"start":{"line":19,"column":29},"end":{"line":31,"column":6}},"4":{"start":{"line":20,"column":27},"end":{"line":20,"column":48}},"5":{"start":{"line":21,"column":22},"end":{"line":21,"column":45}},"6":{"start":{"line":22,"column":8},"end":{"line":30,"column":9}},"7":{"start":{"line":23,"column":12},"end":{"line":23,"column":32}},"8":{"start":{"line":24,"column":12},"end":{"line":24,"column":25}},"9":{"start":{"line":26,"column":21},"end":{"line":26,"column":31}},"10":{"start":{"line":27,"column":12},"end":{"line":28,"column":15}},"11":{"start":{"line":29,"column":12},"end":{"line":29,"column":34}},"12":{"start":{"line":33,"column":26},"end":{"line":33,"column":56}},"13":{"start":{"line":33,"column":39},"end":{"line":33,"column":56}},"14":{"start":{"line":35,"column":4},"end":{"line":58,"column":6}}},"fnMap":{"0":{"name":"ToDo","decl":{"start":{"line":13,"column":9},"end":{"line":13,"column":13}},"loc":{"start":{"line":13,"column":16},"end":{"line":59,"column":1}},"line":13},"1":{"name":"(anonymous_1)","decl":{"start":{"line":19,"column":29},"end":{"line":19,"column":30}},"loc":{"start":{"line":19,"column":35},"end":{"line":31,"column":6}},"line":19},"2":{"name":"(anonymous_2)","decl":{"start":{"line":33,"column":26},"end":{"line":33,"column":27}},"loc":{"start":{"line":33,"column":39},"end":{"line":33,"column":56}},"line":33}},"branchMap":{"0":{"loc":{"start":{"line":22,"column":8},"end":{"line":30,"column":9}},"type":"if","locations":[{"start":{"line":22,"column":8},"end":{"line":30,"column":9}},{"start":{"line":22,"column":8},"end":{"line":30,"column":9}}],"line":22},"1":{"loc":{"start":{"line":42,"column":25},"end":{"line":42,"column":90}},"type":"binary-expr","locations":[{"start":{"line":42,"column":25},"end":{"line":42,"column":35}},{"start":{"line":42,"column":39},"end":{"line":42,"column":90}}],"line":42}},"s":{"0":4,"1":4,"2":4,"3":4,"4":2,"5":2,"6":2,"7":1,"8":1,"9":1,"10":1,"11":1,"12":4,"13":0,"14":4},"f":{"0":4,"1":2,"2":0},"b":{"0":[1,1],"1":[4,1]},"_coverageSchema":"43e27e138ebf9cfc5966b082cf9a028302ed4184","hash":"2e4c5aaaec01bb4ccb9000e79754c41bfa97109b"}
,"/home/gwl/react/todo/todo/src/static/basicFunction.js": {"path":"/home/gwl/react/todo/todo/src/static/basicFunction.js","statementMap":{"0":{"start":{"line":1,"column":23},"end":{"line":3,"column":1}},"1":{"start":{"line":2,"column":4},"end":{"line":2,"column":61}}},"fnMap":{"0":{"name":"(anonymous_0)","decl":{"start":{"line":1,"column":23},"end":{"line":1,"column":24}},"loc":{"start":{"line":1,"column":27},"end":{"line":3,"column":1}},"line":1}},"branchMap":{},"s":{"0":2,"1":1},"f":{"0":1},"b":{},"_coverageSchema":"43e27e138ebf9cfc5966b082cf9a028302ed4184","hash":"34188c63ca23f8c9d3deb3257eec628654493f97"}
,"/home/gwl/react/todo/todo/src/static/staticData.js": {"path":"/home/gwl/react/todo/todo/src/static/staticData.js","statementMap":{"0":{"start":{"line":1,"column":23},"end":{"line":4,"column":1}},"1":{"start":{"line":5,"column":27},"end":{"line":5,"column":46}}},"fnMap":{},"branchMap":{},"s":{"0":3,"1":3},"f":{},"b":{},"_coverageSchema":"43e27e138ebf9cfc5966b082cf9a028302ed4184","hash":"e6a3e602dbcc7626858bd974bd2ebf86f532d3cc"}
}
