TN:
SF:/home/gwl/react/todo/todo/src/App.js
FN:4,App
FNF:1
FNH:1
FNDA:1,App
DA:5,1
LF:1
LH:1
BRF:0
BRH:0
end_of_record
TN:
SF:/home/gwl/react/todo/todo/src/components/objects/toDoList/ToDoList.jsx
FN:14,ToDoList
FN:17,(anonymous_1)
FN:18,(anonymous_2)
FN:21,(anonymous_3)
FN:22,(anonymous_4)
FN:35,(anonymous_5)
FN:41,(anonymous_6)
FN:43,(anonymous_7)
FNF:8
FNH:8
FNDA:8,ToDoList
FNDA:1,(anonymous_1)
FNDA:2,(anonymous_2)
FNDA:1,(anonymous_3)
FNDA:2,(anonymous_4)
FNDA:14,(anonymous_5)
FNDA:1,(anonymous_6)
FNDA:1,(anonymous_7)
DA:15,8
DA:17,8
DA:18,2
DA:21,8
DA:22,2
DA:26,8
DA:36,14
DA:41,1
DA:43,1
DA:59,3
LF:10
LH:10
BRDA:22,0,0,1
BRDA:22,0,1,1
BRDA:35,1,0,7
BRDA:35,1,1,1
BRDA:41,2,0,14
BRDA:41,2,1,13
BRF:6
BRH:6
end_of_record
TN:
SF:/home/gwl/react/todo/todo/src/components/pages/toDo/ToDo.jsx
FN:13,ToDo
FN:19,(anonymous_1)
FN:33,(anonymous_2)
FNF:3
FNH:2
FNDA:4,ToDo
FNDA:2,(anonymous_1)
FNDA:0,(anonymous_2)
DA:15,4
DA:16,4
DA:18,4
DA:19,4
DA:20,2
DA:21,2
DA:22,2
DA:23,1
DA:24,1
DA:26,1
DA:27,1
DA:29,1
DA:33,4
DA:35,4
LF:14
LH:14
BRDA:22,0,0,1
BRDA:22,0,1,1
BRDA:42,1,0,4
BRDA:42,1,1,1
BRF:4
BRH:4
end_of_record
TN:
SF:/home/gwl/react/todo/todo/src/static/basicFunction.js
FN:1,(anonymous_0)
FNF:1
FNH:1
FNDA:1,(anonymous_0)
DA:1,2
DA:2,1
LF:2
LH:2
BRF:0
BRH:0
end_of_record
TN:
SF:/home/gwl/react/todo/todo/src/static/staticData.js
FNF:0
FNH:0
DA:1,3
DA:5,3
LF:2
LH:2
BRF:0
BRH:0
end_of_record
